
> swecham-membership@0.1.0 test:integration C:\Users\Jirawat.p\Documents\Swedish chaplain_membership
> vitest run --config vitest.integration.config.ts --passWithNoTests

[33mThe CJS build of Vite's Node API is deprecated. See https://vite.dev/guide/troubleshooting.html#vite-cjs-node-api-deprecated for more details.[39m

[1m[7m[36m RUN [39m[27m[22m [36mv2.1.9 [39m[90mC:/Users/Jirawat.p/Documents/Swedish chaplain_membership[39m

[90mstdout[2m | tests/integration/auth/enumeration-timing.test.ts[2m > [22m[2mintegration: enumeration timing defense[2m > [22m[2mtiming: unknown-email and wrong-password medians stay within 2x of each other
[22m[39m  enumeration-timing: n=30 per side, unknown median=154.2ms p95=160.5ms, wrong-pw median=117.2ms p95=211.3ms, median ratio=1.32x, |p95 delta|=50.8ms

 [32m✓[39m tests/integration/auth/enumeration-timing.test.ts [2m([22m[2m2 tests[22m[2m)[22m[33m 10695[2mms[22m[39m
   [33m[2m✓[22m[39m integration: enumeration timing defense[2m > [22mstructural: both unknown-email and wrong-password paths run argon2 exactly once [33m990[2mms[22m[39m
   [33m[2m✓[22m[39m integration: enumeration timing defense[2m > [22mtiming: unknown-email and wrong-password medians stay within 2x of each other [33m9703[2mms[22m[39m
[90mstdout[2m | tests/integration/auth/brute-force.test.ts[2m > [22m[2mintegration: brute-force rate limit[2m > [22m[2mblocks brute-force: ≤ 10 argon2 calls across 50 attempts
[22m[39m  brute-force results: 50 attempts → invalid-credentials=5, account-locked=0, rate-limited=45, argon2 calls=5

 [32m✓[39m tests/integration/auth/brute-force.test.ts [2m([22m[2m1 test[22m[2m)[22m[33m 2897[2mms[22m[39m
   [33m[2m✓[22m[39m integration: brute-force rate limit[2m > [22mblocks brute-force: ≤ 10 argon2 calls across 50 attempts [33m2896[2mms[22m[39m
 [32m✓[39m tests/integration/auth/lockout.test.ts [2m([22m[2m1 test[22m[2m)[22m[33m 1657[2mms[22m[39m
   [33m[2m✓[22m[39m integration: lockout after 5 failed sign-ins[2m > [22mlocks the account on attempt #5 and rejects #6 with account-locked [33m1657[2mms[22m[39m
{"level":"info","time":1775758165747,"service":"swecham-membership","env":"test","userIdHash":"d0212e42","role":"admin","portal":"staff","requestId":"it-signin-1775758165350","msg":"sign_in_success"}
 [32m✓[39m tests/integration/auth/sign-in.test.ts [2m([22m[2m3 tests[22m[2m)[22m[33m 1695[2mms[22m[39m
   [33m[2m✓[22m[39m integration: sign-in happy path[2m > [22mcreates a session row, updates last_sign_in_at, emits sign_in_success [33m738[2mms[22m[39m
   [33m[2m✓[22m[39m integration: sign-in happy path[2m > [22mwrong password returns invalid-credentials and increments failed count [33m493[2mms[22m[39m
   [33m[2m✓[22m[39m integration: sign-in happy path[2m > [22munknown email returns invalid-credentials without creating any session [33m463[2mms[22m[39m
 [32m✓[39m tests/integration/auth/enumeration-message.test.ts [2m([22m[2m1 test[22m[2m)[22m[33m 1088[2mms[22m[39m
   [33m[2m✓[22m[39m integration: enumeration-safe failure responses[2m > [22mreturns identical error shape for unknown / wrong-password / pending [33m1088[2mms[22m[39m
 [32m✓[39m tests/integration/audit/append-only.test.ts [2m([22m[2m4 tests[22m[2m)[22m[33m 341[2mms[22m[39m
{"level":"info","time":1775758169009,"service":"swecham-membership","env":"test","userIdHash":"3f9fea8","role":"admin","portal":"staff","requestId":"it-rotate-1-1775758168607","msg":"sign_in_success"}
{"level":"info","time":1775758169402,"service":"swecham-membership","env":"test","userIdHash":"3f9fea8","role":"admin","portal":"staff","requestId":"it-rotate-2-1775758169009","msg":"sign_in_success"}
 [32m✓[39m tests/integration/auth/session-rotation.test.ts [2m([22m[2m1 test[22m[2m)[22m[33m 1007[2mms[22m[39m
   [33m[2m✓[22m[39m integration: session id rotation on sign-in[2m > [22mproduces a fresh 64-hex id on every sign-in call [33m1007[2mms[22m[39m

[2m Test Files [22m [1m[32m7 passed[39m[22m[90m (7)[39m
[2m      Tests [22m [1m[32m13 passed[39m[22m[90m (13)[39m
[2m   Start at [22m 01:09:08
[2m   Duration [22m 21.82s[2m (transform 280ms, setup 64ms, collect 946ms, tests 19.38s, environment 0ms, prepare 129ms)[22m

